<?xml version="1.0" encoding="UTF-8"?>
<!-- Generated by org.testng.reporters.JUnitXMLReporter -->
<testsuite ignored="1" hostname="Raiyan-Tanzim" failures="0" tests="3" name="GRP-regression" time="0.058" errors="0" timestamp="2022-10-26T14:58:27 BDT">
  <testcase classname="ui.GroupDemoTest" name="aTest1" time="0.013"/>
  <testcase classname="ui.GroupDemoTest" name="aTest2" time="0.001"/>
  <testcase classname="ui.GroupDemoTest" name="aTest3" time="0.002"/>
  <testcase classname="ui.GroupDemoTest" name="aTest4" time="0.0">
    <ignored/>
  </testcase> <!-- aTest4 -->
</testsuite> <!-- GRP-regression -->
