<?xml version="1.0" encoding="UTF-8"?>
<!-- Generated by org.testng.reporters.JUnitXMLReporter -->
<testsuite ignored="2" hostname="Raiyan-Tanzim" failures="0" tests="2" name="GRP-bvt" time="0.05" errors="0" timestamp="2022-10-26T14:57:29 BDT">
  <testcase classname="ui.GroupDemoTest" name="aTest3" time="0.011"/>
  <testcase classname="ui.GroupDemoTest" name="aTest4" time="0.002"/>
  <testcase classname="ui.GroupDemoTest" name="aTest2" time="0.0">
    <ignored/>
  </testcase> <!-- aTest2 -->
  <testcase classname="ui.GroupDemoTest" name="aTest1" time="0.0">
    <ignored/>
  </testcase> <!-- aTest1 -->
</testsuite> <!-- GRP-bvt -->
