<?xml version="1.0" encoding="UTF-8"?>
<!-- Generated by org.testng.reporters.JUnitXMLReporter -->
<testsuite ignored="1" hostname="Raiyan-Tanzim" failures="0" tests="2" name="Default test" time="0.054" errors="0" timestamp="2022-10-26T15:43:53 BDT">
  <testcase classname="ui.SkipDemoTest" name="SkipTest2" time="0.011">
    <skipped/>
  </testcase> <!-- SkipTest2 -->
  <testcase classname="ui.SkipDemoTest" name="SkipTest3" time="0.001"/>
  <testcase classname="ui.SkipDemoTest" name="SkipTest1" time="0.0">
    <ignored/>
  </testcase> <!-- SkipTest1 -->
</testsuite> <!-- Default test -->
